2018-06-19 18:44:09 [127.0.0.1][-][v274iu47t518e9du50uffhndm3][error][yii\base\ErrorException:1] exception 'yii\base\ErrorException' with message 'Class 'Url' not found' in D:\data\docker\app\views\site\signup.php:129
Stack trace:
#0 D:\data\docker\vendor\yiisoft\yii2\base\View.php(254): yii\base\View->renderPhpFile()
#1 D:\data\docker\vendor\yiisoft\yii2\base\View.php(156): yii\base\View->renderFile()
#2 D:\data\docker\vendor\yiisoft\yii2\base\Controller.php(384): yii\base\View->render()
#3 D:\data\docker\app\controllers\SiteController.php(159): yii\base\Controller->render()
#4 D:\data\docker\vendor\yiisoft\yii2\base\InlineAction.php(57): app\controllers\SiteController->actionSignup()
#5 D:\data\docker\vendor\yiisoft\yii2\base\InlineAction.php(57): ::call_user_func_array:{D:\data\docker\vendor\yiisoft\yii2\base\InlineAction.php:57}()
#6 D:\data\docker\vendor\yiisoft\yii2\base\Controller.php(157): yii\base\InlineAction->runWithParams()
#7 D:\data\docker\vendor\yiisoft\yii2\base\Module.php(528): yii\base\Controller->runAction()
#8 D:\data\docker\vendor\yiisoft\yii2\web\Application.php(103): yii\base\Module->runAction()
#9 D:\data\docker\vendor\yiisoft\yii2\base\Application.php(386): yii\web\Application->handleRequest()
#10 D:\data\docker\app\web\index.php(17): yii\base\Application->run()
#11 {main}
2018-06-19 18:44:09 [127.0.0.1][-][v274iu47t518e9du50uffhndm3][info][application] $_GET = []

$_POST = []

$_FILES = []

$_COOKIE = [
    'UM_distinctid' => '163d3cd0be8204-070f0f519e6ac9-39614807-144000-163d3cd0be9559'
    'CNZZDATA1271123357' => '694426212-1528265770-|1528265770'
    'CNZZDATA1273228045' => '1746464669-1528278402-http%3A%2F%2Fwww.app.com%2F|1528339635'
    'login' => 'cc2a2bcbca1f94a4a564e224e7f45b2637dea4fffe124177cacc4d929e5dfef8a:2:{i:0;s:5:\"login\";i:1;s:9:\"127.0.0.1\";}'
    '_csrf-app' => '24af833d1bcca984a89b46fbaf92a08b144c80dd6a4a89d992645cdaf9966d63a:2:{i:0;s:9:\"_csrf-app\";i:1;s:32:\"NoMa3dxzQWaJ7aIjJGjjxnmms9apUbjB\";}'
    'advanced-app' => 'v274iu47t518e9du50uffhndm3'
]

$_SESSION = [
    '__flash' => []
    '__returnUrl' => '/'
]

$_SERVER = [
    'REDIRECT_STATUS' => '200'
    'HTTP_HOST' => 'www.app.com'
    'HTTP_CONNECTION' => 'keep-alive'
    'HTTP_CACHE_CONTROL' => 'max-age=0'
    'HTTP_UPGRADE_INSECURE_REQUESTS' => '1'
    'HTTP_USER_AGENT' => 'Mozilla/5.0 (Windows NT 10.0; WOW64) AppleWebKit/537.36 (KHTML, like Gecko) Chrome/67.0.3396.87 Safari/537.36'
    'HTTP_ACCEPT' => 'text/html,application/xhtml+xml,application/xml;q=0.9,image/webp,image/apng,*/*;q=0.8'
    'HTTP_REFERER' => 'http://www.app.com/site/login'
    'HTTP_ACCEPT_ENCODING' => 'gzip, deflate'
    'HTTP_ACCEPT_LANGUAGE' => 'zh-CN,zh;q=0.9'
    'HTTP_COOKIE' => 'UM_distinctid=163d3cd0be8204-070f0f519e6ac9-39614807-144000-163d3cd0be9559; CNZZDATA1271123357=694426212-1528265770-%7C1528265770; CNZZDATA1273228045=1746464669-1528278402-http%253A%252F%252Fwww.app.com%252F%7C1528339635; login=cc2a2bcbca1f94a4a564e224e7f45b2637dea4fffe124177cacc4d929e5dfef8a%3A2%3A%7Bi%3A0%3Bs%3A5%3A%22login%22%3Bi%3A1%3Bs%3A9%3A%22127.0.0.1%22%3B%7D; _csrf-app=24af833d1bcca984a89b46fbaf92a08b144c80dd6a4a89d992645cdaf9966d63a%3A2%3A%7Bi%3A0%3Bs%3A9%3A%22_csrf-app%22%3Bi%3A1%3Bs%3A32%3A%22NoMa3dxzQWaJ7aIjJGjjxnmms9apUbjB%22%3B%7D; advanced-app=v274iu47t518e9du50uffhndm3'
    'PATH' => 'C:\\Program Files (x86)\\Intel\\iCLS Client\\;C:\\Program Files\\Intel\\iCLS Client\\;C:\\WINDOWS\\system32;C:\\WINDOWS;C:\\WINDOWS\\System32\\Wbem;C:\\WINDOWS\\System32\\WindowsPowerShell\\v1.0\\;D:\\TortoiseGit\\bin;D:\\wamp64\\bin\\php\\php5.6.25;C:\\Program Files\\Git\\cmd;D:\\Python\\Python36-32;C:\\WINDOWS\\System32\\OpenSSH\\;C:\\Program Files\\Intel\\WiFi\\bin\\;C:\\Program Files\\Common Files\\Intel\\WirelessCommon\\;D:\\Git LFS;C:\\Program Files (x86)\\Intel\\Intel(R) Management Engine Components\\DAL;C:\\Program Files\\Intel\\Intel(R) Management Engine Components\\DAL;C:\\Program Files (x86)\\Intel\\Intel(R) Management Engine Components\\IPT;C:\\Program Files\\Intel\\Intel(R) Management Engine Components\\IPT;C:\\ProgramData\\ComposerSetup\\bin;C:\\WINDOWS\\system32\\config\\systemprofile\\AppData\\Local\\Microsoft\\WindowsApps'
    'SystemRoot' => 'C:\\WINDOWS'
    'COMSPEC' => 'C:\\WINDOWS\\system32\\cmd.exe'
    'PATHEXT' => '.COM;.EXE;.BAT;.CMD;.VBS;.VBE;.JS;.JSE;.WSF;.WSH;.MSC'
    'WINDIR' => 'C:\\WINDOWS'
    'SERVER_SIGNATURE' => '<address>Apache/2.4.23 (Win64) PHP/5.6.25 Server at www.app.com Port 80</address>
'
    'SERVER_SOFTWARE' => 'Apache/2.4.23 (Win64) PHP/5.6.25'
    'SERVER_NAME' => 'www.app.com'
    'SERVER_ADDR' => '127.0.0.1'
    'SERVER_PORT' => '80'
    'REMOTE_ADDR' => '127.0.0.1'
    'DOCUMENT_ROOT' => 'D:/data/docker/app/web'
    'REQUEST_SCHEME' => 'http'
    'CONTEXT_PREFIX' => ''
    'CONTEXT_DOCUMENT_ROOT' => 'D:/data/docker/app/web'
    'SERVER_ADMIN' => 'wampserver@wampserver.invalid'
    'SCRIPT_FILENAME' => 'D:/data/docker/app/web/index.php'
    'REMOTE_PORT' => '50533'
    'REDIRECT_URL' => '/site/signup'
    'GATEWAY_INTERFACE' => 'CGI/1.1'
    'SERVER_PROTOCOL' => 'HTTP/1.1'
    'REQUEST_METHOD' => 'GET'
    'QUERY_STRING' => ''
    'REQUEST_URI' => '/site/signup'
    'SCRIPT_NAME' => '/index.php'
    'PHP_SELF' => '/index.php'
    'REQUEST_TIME_FLOAT' => 1529405049.636
    'REQUEST_TIME' => 1529405049
]
2018-06-19 19:04:37 [127.0.0.1][-][v274iu47t518e9du50uffhndm3][error][yii\base\ViewNotFoundException] exception 'yii\base\ViewNotFoundException' with message 'The view file does not exist: D:\data\docker\app\views\site\agreement.php' in D:\data\docker\vendor\yiisoft\yii2\base\View.php:233
Stack trace:
#0 D:\data\docker\vendor\yiisoft\yii2\web\View.php(212): yii\base\View->renderFile('D:\\data\\docker\\...', Array, Object(app\controllers\SiteController))
#1 D:\data\docker\vendor\yiisoft\yii2\web\Controller.php(49): yii\web\View->renderAjax('agreement', Array, Object(app\controllers\SiteController))
#2 D:\data\docker\app\controllers\SiteController.php(169): yii\web\Controller->renderAjax('agreement', Array)
#3 [internal function]: app\controllers\SiteController->actionAgreement('service')
#4 D:\data\docker\vendor\yiisoft\yii2\base\InlineAction.php(57): call_user_func_array(Array, Array)
#5 D:\data\docker\vendor\yiisoft\yii2\base\Controller.php(157): yii\base\InlineAction->runWithParams(Array)
#6 D:\data\docker\vendor\yiisoft\yii2\base\Module.php(528): yii\base\Controller->runAction('agreement', Array)
#7 D:\data\docker\vendor\yiisoft\yii2\web\Application.php(103): yii\base\Module->runAction('site/agreement', Array)
#8 D:\data\docker\vendor\yiisoft\yii2\base\Application.php(386): yii\web\Application->handleRequest(Object(yii\web\Request))
#9 D:\data\docker\app\web\index.php(17): yii\base\Application->run()
#10 {main}
2018-06-19 19:04:37 [127.0.0.1][-][v274iu47t518e9du50uffhndm3][info][application] $_GET = [
    'code' => 'service'
]

$_POST = []

$_FILES = []

$_COOKIE = [
    'UM_distinctid' => '163d3cd0be8204-070f0f519e6ac9-39614807-144000-163d3cd0be9559'
    'CNZZDATA1271123357' => '694426212-1528265770-|1528265770'
    'CNZZDATA1273228045' => '1746464669-1528278402-http%3A%2F%2Fwww.app.com%2F|1528339635'
    'login' => 'cc2a2bcbca1f94a4a564e224e7f45b2637dea4fffe124177cacc4d929e5dfef8a:2:{i:0;s:5:\"login\";i:1;s:9:\"127.0.0.1\";}'
    '_csrf-app' => '24af833d1bcca984a89b46fbaf92a08b144c80dd6a4a89d992645cdaf9966d63a:2:{i:0;s:9:\"_csrf-app\";i:1;s:32:\"NoMa3dxzQWaJ7aIjJGjjxnmms9apUbjB\";}'
    'advanced-app' => 'v274iu47t518e9du50uffhndm3'
]

$_SESSION = [
    '__flash' => []
    '__returnUrl' => '/'
]

$_SERVER = [
    'REDIRECT_STATUS' => '200'
    'HTTP_HOST' => 'www.app.com'
    'HTTP_CONNECTION' => 'keep-alive'
    'HTTP_ACCEPT' => '*/*'
    'HTTP_X_CSRF_TOKEN' => 'b9FVMNi_kd-BaFaCNio8X0dMt_kASB7cZCdT17hE8iQhvhhR69vppdA_N8gBS3U1DQvdk3gmc7EXHjKn7SaYZg=='
    'HTTP_X_REQUESTED_WITH' => 'XMLHttpRequest'
    'HTTP_USER_AGENT' => 'Mozilla/5.0 (Windows NT 10.0; WOW64) AppleWebKit/537.36 (KHTML, like Gecko) Chrome/67.0.3396.87 Safari/537.36'
    'HTTP_REFERER' => 'http://www.app.com/site/signup'
    'HTTP_ACCEPT_ENCODING' => 'gzip, deflate'
    'HTTP_ACCEPT_LANGUAGE' => 'zh-CN,zh;q=0.9'
    'HTTP_COOKIE' => 'UM_distinctid=163d3cd0be8204-070f0f519e6ac9-39614807-144000-163d3cd0be9559; CNZZDATA1271123357=694426212-1528265770-%7C1528265770; CNZZDATA1273228045=1746464669-1528278402-http%253A%252F%252Fwww.app.com%252F%7C1528339635; login=cc2a2bcbca1f94a4a564e224e7f45b2637dea4fffe124177cacc4d929e5dfef8a%3A2%3A%7Bi%3A0%3Bs%3A5%3A%22login%22%3Bi%3A1%3Bs%3A9%3A%22127.0.0.1%22%3B%7D; _csrf-app=24af833d1bcca984a89b46fbaf92a08b144c80dd6a4a89d992645cdaf9966d63a%3A2%3A%7Bi%3A0%3Bs%3A9%3A%22_csrf-app%22%3Bi%3A1%3Bs%3A32%3A%22NoMa3dxzQWaJ7aIjJGjjxnmms9apUbjB%22%3B%7D; advanced-app=v274iu47t518e9du50uffhndm3'
    'PATH' => 'C:\\Program Files (x86)\\Intel\\iCLS Client\\;C:\\Program Files\\Intel\\iCLS Client\\;C:\\WINDOWS\\system32;C:\\WINDOWS;C:\\WINDOWS\\System32\\Wbem;C:\\WINDOWS\\System32\\WindowsPowerShell\\v1.0\\;D:\\TortoiseGit\\bin;D:\\wamp64\\bin\\php\\php5.6.25;C:\\Program Files\\Git\\cmd;D:\\Python\\Python36-32;C:\\WINDOWS\\System32\\OpenSSH\\;C:\\Program Files\\Intel\\WiFi\\bin\\;C:\\Program Files\\Common Files\\Intel\\WirelessCommon\\;D:\\Git LFS;C:\\Program Files (x86)\\Intel\\Intel(R) Management Engine Components\\DAL;C:\\Program Files\\Intel\\Intel(R) Management Engine Components\\DAL;C:\\Program Files (x86)\\Intel\\Intel(R) Management Engine Components\\IPT;C:\\Program Files\\Intel\\Intel(R) Management Engine Components\\IPT;C:\\ProgramData\\ComposerSetup\\bin;C:\\WINDOWS\\system32\\config\\systemprofile\\AppData\\Local\\Microsoft\\WindowsApps'
    'SystemRoot' => 'C:\\WINDOWS'
    'COMSPEC' => 'C:\\WINDOWS\\system32\\cmd.exe'
    'PATHEXT' => '.COM;.EXE;.BAT;.CMD;.VBS;.VBE;.JS;.JSE;.WSF;.WSH;.MSC'
    'WINDIR' => 'C:\\WINDOWS'
    'SERVER_SIGNATURE' => '<address>Apache/2.4.23 (Win64) PHP/5.6.25 Server at www.app.com Port 80</address>
'
    'SERVER_SOFTWARE' => 'Apache/2.4.23 (Win64) PHP/5.6.25'
    'SERVER_NAME' => 'www.app.com'
    'SERVER_ADDR' => '127.0.0.1'
    'SERVER_PORT' => '80'
    'REMOTE_ADDR' => '127.0.0.1'
    'DOCUMENT_ROOT' => 'D:/data/docker/app/web'
    'REQUEST_SCHEME' => 'http'
    'CONTEXT_PREFIX' => ''
    'CONTEXT_DOCUMENT_ROOT' => 'D:/data/docker/app/web'
    'SERVER_ADMIN' => 'wampserver@wampserver.invalid'
    'SCRIPT_FILENAME' => 'D:/data/docker/app/web/index.php'
    'REMOTE_PORT' => '52395'
    'REDIRECT_URL' => '/site/agreement'
    'REDIRECT_QUERY_STRING' => 'code=service'
    'GATEWAY_INTERFACE' => 'CGI/1.1'
    'SERVER_PROTOCOL' => 'HTTP/1.1'
    'REQUEST_METHOD' => 'GET'
    'QUERY_STRING' => 'code=service'
    'REQUEST_URI' => '/site/agreement?code=service'
    'SCRIPT_NAME' => '/index.php'
    'PHP_SELF' => '/index.php'
    'REQUEST_TIME_FLOAT' => 1529406277.02
    'REQUEST_TIME' => 1529406277
]
2018-06-19 20:04:55 [127.0.0.1][-][c9mgcs7ka8557v1susgl4vfvc7][error][yii\base\ErrorException:8] exception 'yii\base\ErrorException' with message 'Undefined variable: model' in D:\data\docker\app\views\site\complete.php:144
Stack trace:
#0 D:\data\docker\vendor\yiisoft\yii2\base\View.php(254): yii\base\View->renderPhpFile()
#1 D:\data\docker\vendor\yiisoft\yii2\base\View.php(156): yii\base\View->renderFile()
#2 D:\data\docker\vendor\yiisoft\yii2\base\Controller.php(384): yii\base\View->render()
#3 D:\data\docker\app\controllers\SiteController.php(448): yii\base\Controller->render()
#4 D:\data\docker\vendor\yiisoft\yii2\base\InlineAction.php(57): app\controllers\SiteController->actionComplete()
#5 D:\data\docker\vendor\yiisoft\yii2\base\InlineAction.php(57): ::call_user_func_array:{D:\data\docker\vendor\yiisoft\yii2\base\InlineAction.php:57}()
#6 D:\data\docker\vendor\yiisoft\yii2\base\Controller.php(157): yii\base\InlineAction->runWithParams()
#7 D:\data\docker\vendor\yiisoft\yii2\base\Module.php(528): yii\base\Controller->runAction()
#8 D:\data\docker\vendor\yiisoft\yii2\web\Application.php(103): yii\base\Module->runAction()
#9 D:\data\docker\vendor\yiisoft\yii2\base\Application.php(386): yii\web\Application->handleRequest()
#10 D:\data\docker\app\web\index.php(17): yii\base\Application->run()
#11 {main}
2018-06-19 20:04:55 [127.0.0.1][-][c9mgcs7ka8557v1susgl4vfvc7][info][application] $_GET = []

$_POST = []

$_FILES = []

$_COOKIE = [
    'UM_distinctid' => '163d3cd0be8204-070f0f519e6ac9-39614807-144000-163d3cd0be9559'
    'CNZZDATA1271123357' => '694426212-1528265770-|1528265770'
    'CNZZDATA1273228045' => '1746464669-1528278402-http%3A%2F%2Fwww.app.com%2F|1528339635'
    'login' => 'cc2a2bcbca1f94a4a564e224e7f45b2637dea4fffe124177cacc4d929e5dfef8a:2:{i:0;s:5:\"login\";i:1;s:9:\"127.0.0.1\";}'
    '_csrf-app' => 'a598425f89e57d307d1db2588d2ef8b8e80304eaad4136122650598ebd92f380a:2:{i:0;s:9:\"_csrf-app\";i:1;s:32:\"uXxpt7D4ZtOMDmBWuyYZQSIzGQlUvi0l\";}'
    'advanced-app' => 'c9mgcs7ka8557v1susgl4vfvc7'
]

$_SESSION = [
    '__flash' => []
    '__returnUrl' => '/'
    'yii\\authclient\\clients\\GitHub_github_token' => yii\authclient\OAuthToken#1
    (
        [tokenParamKey] => 'access_token'
        [tokenSecretParamKey] => 'oauth_token_secret'
        [createTimestamp] => 1529409888
        [yii\authclient\OAuthToken:_expireDurationParamKey] => 'expires_in'
        [yii\authclient\OAuthToken:_params] => [
            'access_token' => 'd9a763475f2f02eb8ab2e9fd1f723002c93b5623'
            'scope' => 'user'
            'token_type' => 'bearer'
        ]
    )
    'auth_type' => 'github'
    'auth_openid' => 24835034
    'auth_avatar' => 'https://avatars2.githubusercontent.com/u/24835034?v=4'
    'auth_nickname' => null
]

$_SERVER = [
    'REDIRECT_STATUS' => '200'
    'HTTP_HOST' => 'www.app.com'
    'HTTP_CONNECTION' => 'keep-alive'
    'HTTP_UPGRADE_INSECURE_REQUESTS' => '1'
    'HTTP_USER_AGENT' => 'Mozilla/5.0 (Windows NT 10.0; WOW64) AppleWebKit/537.36 (KHTML, like Gecko) Chrome/67.0.3396.87 Safari/537.36'
    'HTTP_ACCEPT' => 'text/html,application/xhtml+xml,application/xml;q=0.9,image/webp,image/apng,*/*;q=0.8'
    'HTTP_REFERER' => 'http://www.app.com/site/login'
    'HTTP_ACCEPT_ENCODING' => 'gzip, deflate'
    'HTTP_ACCEPT_LANGUAGE' => 'zh-CN,zh;q=0.9'
    'HTTP_COOKIE' => 'UM_distinctid=163d3cd0be8204-070f0f519e6ac9-39614807-144000-163d3cd0be9559; CNZZDATA1271123357=694426212-1528265770-%7C1528265770; CNZZDATA1273228045=1746464669-1528278402-http%253A%252F%252Fwww.app.com%252F%7C1528339635; login=cc2a2bcbca1f94a4a564e224e7f45b2637dea4fffe124177cacc4d929e5dfef8a%3A2%3A%7Bi%3A0%3Bs%3A5%3A%22login%22%3Bi%3A1%3Bs%3A9%3A%22127.0.0.1%22%3B%7D; _csrf-app=a598425f89e57d307d1db2588d2ef8b8e80304eaad4136122650598ebd92f380a%3A2%3A%7Bi%3A0%3Bs%3A9%3A%22_csrf-app%22%3Bi%3A1%3Bs%3A32%3A%22uXxpt7D4ZtOMDmBWuyYZQSIzGQlUvi0l%22%3B%7D; advanced-app=c9mgcs7ka8557v1susgl4vfvc7'
    'PATH' => 'C:\\Program Files (x86)\\Intel\\iCLS Client\\;C:\\Program Files\\Intel\\iCLS Client\\;C:\\WINDOWS\\system32;C:\\WINDOWS;C:\\WINDOWS\\System32\\Wbem;C:\\WINDOWS\\System32\\WindowsPowerShell\\v1.0\\;D:\\TortoiseGit\\bin;D:\\wamp64\\bin\\php\\php5.6.25;C:\\Program Files\\Git\\cmd;D:\\Python\\Python36-32;C:\\WINDOWS\\System32\\OpenSSH\\;C:\\Program Files\\Intel\\WiFi\\bin\\;C:\\Program Files\\Common Files\\Intel\\WirelessCommon\\;D:\\Git LFS;C:\\Program Files (x86)\\Intel\\Intel(R) Management Engine Components\\DAL;C:\\Program Files\\Intel\\Intel(R) Management Engine Components\\DAL;C:\\Program Files (x86)\\Intel\\Intel(R) Management Engine Components\\IPT;C:\\Program Files\\Intel\\Intel(R) Management Engine Components\\IPT;C:\\ProgramData\\ComposerSetup\\bin;C:\\WINDOWS\\system32\\config\\systemprofile\\AppData\\Local\\Microsoft\\WindowsApps'
    'SystemRoot' => 'C:\\WINDOWS'
    'COMSPEC' => 'C:\\WINDOWS\\system32\\cmd.exe'
    'PATHEXT' => '.COM;.EXE;.BAT;.CMD;.VBS;.VBE;.JS;.JSE;.WSF;.WSH;.MSC'
    'WINDIR' => 'C:\\WINDOWS'
    'SERVER_SIGNATURE' => '<address>Apache/2.4.23 (Win64) PHP/5.6.25 Server at www.app.com Port 80</address>
'
    'SERVER_SOFTWARE' => 'Apache/2.4.23 (Win64) PHP/5.6.25'
    'SERVER_NAME' => 'www.app.com'
    'SERVER_ADDR' => '127.0.0.1'
    'SERVER_PORT' => '80'
    'REMOTE_ADDR' => '127.0.0.1'
    'DOCUMENT_ROOT' => 'D:/data/docker/app/web'
    'REQUEST_SCHEME' => 'http'
    'CONTEXT_PREFIX' => ''
    'CONTEXT_DOCUMENT_ROOT' => 'D:/data/docker/app/web'
    'SERVER_ADMIN' => 'wampserver@wampserver.invalid'
    'SCRIPT_FILENAME' => 'D:/data/docker/app/web/index.php'
    'REMOTE_PORT' => '58972'
    'REDIRECT_URL' => '/site/complete'
    'GATEWAY_INTERFACE' => 'CGI/1.1'
    'SERVER_PROTOCOL' => 'HTTP/1.1'
    'REQUEST_METHOD' => 'GET'
    'QUERY_STRING' => ''
    'REQUEST_URI' => '/site/complete'
    'SCRIPT_NAME' => '/index.php'
    'PHP_SELF' => '/index.php'
    'REQUEST_TIME_FLOAT' => 1529409895.151
    'REQUEST_TIME' => 1529409895
]
2018-06-19 20:06:33 [127.0.0.1][-][c9mgcs7ka8557v1susgl4vfvc7][error][yii\base\ErrorException:1] exception 'yii\base\ErrorException' with message 'Class 'Modal' not found' in D:\data\docker\app\views\site\complete.php:146
Stack trace:
#0 D:\data\docker\vendor\yiisoft\yii2\base\View.php(254): yii\base\View->renderPhpFile()
#1 D:\data\docker\vendor\yiisoft\yii2\base\View.php(156): yii\base\View->renderFile()
#2 D:\data\docker\vendor\yiisoft\yii2\base\Controller.php(384): yii\base\View->render()
#3 D:\data\docker\app\controllers\SiteController.php(448): yii\base\Controller->render()
#4 D:\data\docker\vendor\yiisoft\yii2\base\InlineAction.php(57): app\controllers\SiteController->actionComplete()
#5 D:\data\docker\vendor\yiisoft\yii2\base\InlineAction.php(57): ::call_user_func_array:{D:\data\docker\vendor\yiisoft\yii2\base\InlineAction.php:57}()
#6 D:\data\docker\vendor\yiisoft\yii2\base\Controller.php(157): yii\base\InlineAction->runWithParams()
#7 D:\data\docker\vendor\yiisoft\yii2\base\Module.php(528): yii\base\Controller->runAction()
#8 D:\data\docker\vendor\yiisoft\yii2\web\Application.php(103): yii\base\Module->runAction()
#9 D:\data\docker\vendor\yiisoft\yii2\base\Application.php(386): yii\web\Application->handleRequest()
#10 D:\data\docker\app\web\index.php(17): yii\base\Application->run()
#11 {main}
2018-06-19 20:06:33 [127.0.0.1][-][c9mgcs7ka8557v1susgl4vfvc7][info][application] $_GET = []

$_POST = []

$_FILES = []

$_COOKIE = [
    'UM_distinctid' => '163d3cd0be8204-070f0f519e6ac9-39614807-144000-163d3cd0be9559'
    'CNZZDATA1271123357' => '694426212-1528265770-|1528265770'
    'CNZZDATA1273228045' => '1746464669-1528278402-http%3A%2F%2Fwww.app.com%2F|1528339635'
    'login' => 'cc2a2bcbca1f94a4a564e224e7f45b2637dea4fffe124177cacc4d929e5dfef8a:2:{i:0;s:5:\"login\";i:1;s:9:\"127.0.0.1\";}'
    '_csrf-app' => 'a598425f89e57d307d1db2588d2ef8b8e80304eaad4136122650598ebd92f380a:2:{i:0;s:9:\"_csrf-app\";i:1;s:32:\"uXxpt7D4ZtOMDmBWuyYZQSIzGQlUvi0l\";}'
    'advanced-app' => 'c9mgcs7ka8557v1susgl4vfvc7'
]

$_SESSION = [
    '__flash' => []
    '__returnUrl' => '/'
    'yii\\authclient\\clients\\GitHub_github_token' => yii\authclient\OAuthToken#1
    (
        [tokenParamKey] => 'access_token'
        [tokenSecretParamKey] => 'oauth_token_secret'
        [createTimestamp] => 1529409888
        [yii\authclient\OAuthToken:_expireDurationParamKey] => 'expires_in'
        [yii\authclient\OAuthToken:_params] => [
            'access_token' => 'd9a763475f2f02eb8ab2e9fd1f723002c93b5623'
            'scope' => 'user'
            'token_type' => 'bearer'
        ]
    )
    'auth_type' => 'github'
    'auth_openid' => 24835034
    'auth_avatar' => 'https://avatars2.githubusercontent.com/u/24835034?v=4'
    'auth_nickname' => null
]

$_SERVER = [
    'REDIRECT_STATUS' => '200'
    'HTTP_HOST' => 'www.app.com'
    'HTTP_CONNECTION' => 'keep-alive'
    'HTTP_CACHE_CONTROL' => 'max-age=0'
    'HTTP_UPGRADE_INSECURE_REQUESTS' => '1'
    'HTTP_USER_AGENT' => 'Mozilla/5.0 (Windows NT 10.0; WOW64) AppleWebKit/537.36 (KHTML, like Gecko) Chrome/67.0.3396.87 Safari/537.36'
    'HTTP_ACCEPT' => 'text/html,application/xhtml+xml,application/xml;q=0.9,image/webp,image/apng,*/*;q=0.8'
    'HTTP_REFERER' => 'http://www.app.com/site/login'
    'HTTP_ACCEPT_ENCODING' => 'gzip, deflate'
    'HTTP_ACCEPT_LANGUAGE' => 'zh-CN,zh;q=0.9'
    'HTTP_COOKIE' => 'UM_distinctid=163d3cd0be8204-070f0f519e6ac9-39614807-144000-163d3cd0be9559; CNZZDATA1271123357=694426212-1528265770-%7C1528265770; CNZZDATA1273228045=1746464669-1528278402-http%253A%252F%252Fwww.app.com%252F%7C1528339635; login=cc2a2bcbca1f94a4a564e224e7f45b2637dea4fffe124177cacc4d929e5dfef8a%3A2%3A%7Bi%3A0%3Bs%3A5%3A%22login%22%3Bi%3A1%3Bs%3A9%3A%22127.0.0.1%22%3B%7D; _csrf-app=a598425f89e57d307d1db2588d2ef8b8e80304eaad4136122650598ebd92f380a%3A2%3A%7Bi%3A0%3Bs%3A9%3A%22_csrf-app%22%3Bi%3A1%3Bs%3A32%3A%22uXxpt7D4ZtOMDmBWuyYZQSIzGQlUvi0l%22%3B%7D; advanced-app=c9mgcs7ka8557v1susgl4vfvc7'
    'PATH' => 'C:\\Program Files (x86)\\Intel\\iCLS Client\\;C:\\Program Files\\Intel\\iCLS Client\\;C:\\WINDOWS\\system32;C:\\WINDOWS;C:\\WINDOWS\\System32\\Wbem;C:\\WINDOWS\\System32\\WindowsPowerShell\\v1.0\\;D:\\TortoiseGit\\bin;D:\\wamp64\\bin\\php\\php5.6.25;C:\\Program Files\\Git\\cmd;D:\\Python\\Python36-32;C:\\WINDOWS\\System32\\OpenSSH\\;C:\\Program Files\\Intel\\WiFi\\bin\\;C:\\Program Files\\Common Files\\Intel\\WirelessCommon\\;D:\\Git LFS;C:\\Program Files (x86)\\Intel\\Intel(R) Management Engine Components\\DAL;C:\\Program Files\\Intel\\Intel(R) Management Engine Components\\DAL;C:\\Program Files (x86)\\Intel\\Intel(R) Management Engine Components\\IPT;C:\\Program Files\\Intel\\Intel(R) Management Engine Components\\IPT;C:\\ProgramData\\ComposerSetup\\bin;C:\\WINDOWS\\system32\\config\\systemprofile\\AppData\\Local\\Microsoft\\WindowsApps'
    'SystemRoot' => 'C:\\WINDOWS'
    'COMSPEC' => 'C:\\WINDOWS\\system32\\cmd.exe'
    'PATHEXT' => '.COM;.EXE;.BAT;.CMD;.VBS;.VBE;.JS;.JSE;.WSF;.WSH;.MSC'
    'WINDIR' => 'C:\\WINDOWS'
    'SERVER_SIGNATURE' => '<address>Apache/2.4.23 (Win64) PHP/5.6.25 Server at www.app.com Port 80</address>
'
    'SERVER_SOFTWARE' => 'Apache/2.4.23 (Win64) PHP/5.6.25'
    'SERVER_NAME' => 'www.app.com'
    'SERVER_ADDR' => '127.0.0.1'
    'SERVER_PORT' => '80'
    'REMOTE_ADDR' => '127.0.0.1'
    'DOCUMENT_ROOT' => 'D:/data/docker/app/web'
    'REQUEST_SCHEME' => 'http'
    'CONTEXT_PREFIX' => ''
    'CONTEXT_DOCUMENT_ROOT' => 'D:/data/docker/app/web'
    'SERVER_ADMIN' => 'wampserver@wampserver.invalid'
    'SCRIPT_FILENAME' => 'D:/data/docker/app/web/index.php'
    'REMOTE_PORT' => '59216'
    'REDIRECT_URL' => '/site/complete'
    'GATEWAY_INTERFACE' => 'CGI/1.1'
    'SERVER_PROTOCOL' => 'HTTP/1.1'
    'REQUEST_METHOD' => 'GET'
    'QUERY_STRING' => ''
    'REQUEST_URI' => '/site/complete'
    'SCRIPT_NAME' => '/index.php'
    'PHP_SELF' => '/index.php'
    'REQUEST_TIME_FLOAT' => 1529409993.734
    'REQUEST_TIME' => 1529409993
]
2018-06-19 20:07:00 [127.0.0.1][-][c9mgcs7ka8557v1susgl4vfvc7][error][yii\base\ErrorException:1] exception 'yii\base\ErrorException' with message 'Class 'Url' not found' in D:\data\docker\app\views\site\complete.php:162
Stack trace:
#0 D:\data\docker\vendor\yiisoft\yii2\base\View.php(254): yii\base\View->renderPhpFile()
#1 D:\data\docker\vendor\yiisoft\yii2\base\View.php(156): yii\base\View->renderFile()
#2 D:\data\docker\vendor\yiisoft\yii2\base\Controller.php(384): yii\base\View->render()
#3 D:\data\docker\app\controllers\SiteController.php(448): yii\base\Controller->render()
#4 D:\data\docker\vendor\yiisoft\yii2\base\InlineAction.php(57): app\controllers\SiteController->actionComplete()
#5 D:\data\docker\vendor\yiisoft\yii2\base\InlineAction.php(57): ::call_user_func_array:{D:\data\docker\vendor\yiisoft\yii2\base\InlineAction.php:57}()
#6 D:\data\docker\vendor\yiisoft\yii2\base\Controller.php(157): yii\base\InlineAction->runWithParams()
#7 D:\data\docker\vendor\yiisoft\yii2\base\Module.php(528): yii\base\Controller->runAction()
#8 D:\data\docker\vendor\yiisoft\yii2\web\Application.php(103): yii\base\Module->runAction()
#9 D:\data\docker\vendor\yiisoft\yii2\base\Application.php(386): yii\web\Application->handleRequest()
#10 D:\data\docker\app\web\index.php(17): yii\base\Application->run()
#11 {main}
2018-06-19 20:07:00 [127.0.0.1][-][c9mgcs7ka8557v1susgl4vfvc7][info][application] $_GET = []

$_POST = []

$_FILES = []

$_COOKIE = [
    'UM_distinctid' => '163d3cd0be8204-070f0f519e6ac9-39614807-144000-163d3cd0be9559'
    'CNZZDATA1271123357' => '694426212-1528265770-|1528265770'
    'CNZZDATA1273228045' => '1746464669-1528278402-http%3A%2F%2Fwww.app.com%2F|1528339635'
    'login' => 'cc2a2bcbca1f94a4a564e224e7f45b2637dea4fffe124177cacc4d929e5dfef8a:2:{i:0;s:5:\"login\";i:1;s:9:\"127.0.0.1\";}'
    '_csrf-app' => 'a598425f89e57d307d1db2588d2ef8b8e80304eaad4136122650598ebd92f380a:2:{i:0;s:9:\"_csrf-app\";i:1;s:32:\"uXxpt7D4ZtOMDmBWuyYZQSIzGQlUvi0l\";}'
    'advanced-app' => 'c9mgcs7ka8557v1susgl4vfvc7'
]

$_SESSION = [
    '__flash' => []
    '__returnUrl' => '/'
    'yii\\authclient\\clients\\GitHub_github_token' => yii\authclient\OAuthToken#1
    (
        [tokenParamKey] => 'access_token'
        [tokenSecretParamKey] => 'oauth_token_secret'
        [createTimestamp] => 1529409888
        [yii\authclient\OAuthToken:_expireDurationParamKey] => 'expires_in'
        [yii\authclient\OAuthToken:_params] => [
            'access_token' => 'd9a763475f2f02eb8ab2e9fd1f723002c93b5623'
            'scope' => 'user'
            'token_type' => 'bearer'
        ]
    )
    'auth_type' => 'github'
    'auth_openid' => 24835034
    'auth_avatar' => 'https://avatars2.githubusercontent.com/u/24835034?v=4'
    'auth_nickname' => null
]

$_SERVER = [
    'REDIRECT_STATUS' => '200'
    'HTTP_HOST' => 'www.app.com'
    'HTTP_CONNECTION' => 'keep-alive'
    'HTTP_CACHE_CONTROL' => 'max-age=0'
    'HTTP_UPGRADE_INSECURE_REQUESTS' => '1'
    'HTTP_USER_AGENT' => 'Mozilla/5.0 (Windows NT 10.0; WOW64) AppleWebKit/537.36 (KHTML, like Gecko) Chrome/67.0.3396.87 Safari/537.36'
    'HTTP_ACCEPT' => 'text/html,application/xhtml+xml,application/xml;q=0.9,image/webp,image/apng,*/*;q=0.8'
    'HTTP_REFERER' => 'http://www.app.com/site/login'
    'HTTP_ACCEPT_ENCODING' => 'gzip, deflate'
    'HTTP_ACCEPT_LANGUAGE' => 'zh-CN,zh;q=0.9'
    'HTTP_COOKIE' => 'UM_distinctid=163d3cd0be8204-070f0f519e6ac9-39614807-144000-163d3cd0be9559; CNZZDATA1271123357=694426212-1528265770-%7C1528265770; CNZZDATA1273228045=1746464669-1528278402-http%253A%252F%252Fwww.app.com%252F%7C1528339635; login=cc2a2bcbca1f94a4a564e224e7f45b2637dea4fffe124177cacc4d929e5dfef8a%3A2%3A%7Bi%3A0%3Bs%3A5%3A%22login%22%3Bi%3A1%3Bs%3A9%3A%22127.0.0.1%22%3B%7D; _csrf-app=a598425f89e57d307d1db2588d2ef8b8e80304eaad4136122650598ebd92f380a%3A2%3A%7Bi%3A0%3Bs%3A9%3A%22_csrf-app%22%3Bi%3A1%3Bs%3A32%3A%22uXxpt7D4ZtOMDmBWuyYZQSIzGQlUvi0l%22%3B%7D; advanced-app=c9mgcs7ka8557v1susgl4vfvc7'
    'PATH' => 'C:\\Program Files (x86)\\Intel\\iCLS Client\\;C:\\Program Files\\Intel\\iCLS Client\\;C:\\WINDOWS\\system32;C:\\WINDOWS;C:\\WINDOWS\\System32\\Wbem;C:\\WINDOWS\\System32\\WindowsPowerShell\\v1.0\\;D:\\TortoiseGit\\bin;D:\\wamp64\\bin\\php\\php5.6.25;C:\\Program Files\\Git\\cmd;D:\\Python\\Python36-32;C:\\WINDOWS\\System32\\OpenSSH\\;C:\\Program Files\\Intel\\WiFi\\bin\\;C:\\Program Files\\Common Files\\Intel\\WirelessCommon\\;D:\\Git LFS;C:\\Program Files (x86)\\Intel\\Intel(R) Management Engine Components\\DAL;C:\\Program Files\\Intel\\Intel(R) Management Engine Components\\DAL;C:\\Program Files (x86)\\Intel\\Intel(R) Management Engine Components\\IPT;C:\\Program Files\\Intel\\Intel(R) Management Engine Components\\IPT;C:\\ProgramData\\ComposerSetup\\bin;C:\\WINDOWS\\system32\\config\\systemprofile\\AppData\\Local\\Microsoft\\WindowsApps'
    'SystemRoot' => 'C:\\WINDOWS'
    'COMSPEC' => 'C:\\WINDOWS\\system32\\cmd.exe'
    'PATHEXT' => '.COM;.EXE;.BAT;.CMD;.VBS;.VBE;.JS;.JSE;.WSF;.WSH;.MSC'
    'WINDIR' => 'C:\\WINDOWS'
    'SERVER_SIGNATURE' => '<address>Apache/2.4.23 (Win64) PHP/5.6.25 Server at www.app.com Port 80</address>
'
    'SERVER_SOFTWARE' => 'Apache/2.4.23 (Win64) PHP/5.6.25'
    'SERVER_NAME' => 'www.app.com'
    'SERVER_ADDR' => '127.0.0.1'
    'SERVER_PORT' => '80'
    'REMOTE_ADDR' => '127.0.0.1'
    'DOCUMENT_ROOT' => 'D:/data/docker/app/web'
    'REQUEST_SCHEME' => 'http'
    'CONTEXT_PREFIX' => ''
    'CONTEXT_DOCUMENT_ROOT' => 'D:/data/docker/app/web'
    'SERVER_ADMIN' => 'wampserver@wampserver.invalid'
    'SCRIPT_FILENAME' => 'D:/data/docker/app/web/index.php'
    'REMOTE_PORT' => '59269'
    'REDIRECT_URL' => '/site/complete'
    'GATEWAY_INTERFACE' => 'CGI/1.1'
    'SERVER_PROTOCOL' => 'HTTP/1.1'
    'REQUEST_METHOD' => 'GET'
    'QUERY_STRING' => ''
    'REQUEST_URI' => '/site/complete'
    'SCRIPT_NAME' => '/index.php'
    'PHP_SELF' => '/index.php'
    'REQUEST_TIME_FLOAT' => 1529410020.554
    'REQUEST_TIME' => 1529410020
]
2018-06-19 20:33:59 [127.0.0.1][1][rhuarl46r3q8a2qcc8pts77a75][error][yii\base\UnknownPropertyException] exception 'yii\base\UnknownPropertyException' with message 'Setting unknown property: yii\redactor\RedactorModule::lang' in D:\data\docker\vendor\yiisoft\yii2\base\Component.php:209
Stack trace:
#0 D:\data\docker\vendor\yiisoft\yii2\BaseYii.php(546): yii\base\Component->__set('lang', 'zh_cn')
#1 D:\data\docker\vendor\yiisoft\yii2\base\BaseObject.php(107): yii\BaseYii::configure(Object(yii\redactor\RedactorModule), Array)
#2 D:\data\docker\vendor\yiisoft\yii2\base\Module.php(158): yii\base\BaseObject->__construct(Array)
#3 [internal function]: yii\base\Module->__construct('redactor', Object(yii\web\Application), Array)
#4 D:\data\docker\vendor\yiisoft\yii2\di\Container.php(383): ReflectionClass->newInstanceArgs(Array)
#5 D:\data\docker\vendor\yiisoft\yii2\di\Container.php(156): yii\di\Container->build('yii\\redactor\\Re...', Array, Array)
#6 D:\data\docker\vendor\yiisoft\yii2\BaseYii.php(349): yii\di\Container->get('yii\\redactor\\Re...', Array, Array)
#7 D:\data\docker\vendor\yiisoft\yii2\base\Module.php(427): yii\BaseYii::createObject(Array, Array)
#8 D:\data\docker\vendor\yiidoc\yii2-redactor\widgets\Redactor.php(182): yii\base\Module->getModule('redactor')
#9 D:\data\docker\vendor\yiisoft\yii2\base\Component.php(139): yii\redactor\widgets\Redactor->getModule()
#10 D:\data\docker\vendor\yiidoc\yii2-redactor\widgets\Redactor.php(81): yii\base\Component->__get('module')
#11 D:\data\docker\vendor\yiidoc\yii2-redactor\widgets\Redactor.php(58): yii\redactor\widgets\Redactor->defaultOptions()
#12 D:\data\docker\vendor\yiisoft\yii2\base\BaseObject.php(109): yii\redactor\widgets\Redactor->init()
#13 [internal function]: yii\base\BaseObject->__construct(Array)
#14 D:\data\docker\vendor\yiisoft\yii2\di\Container.php(383): ReflectionClass->newInstanceArgs(Array)
#15 D:\data\docker\vendor\yiisoft\yii2\di\Container.php(156): yii\di\Container->build('yii\\redactor\\wi...', Array, Array)
#16 D:\data\docker\vendor\yiisoft\yii2\BaseYii.php(349): yii\di\Container->get('yii\\redactor\\wi...', Array, Array)
#17 D:\data\docker\vendor\yiisoft\yii2\base\Widget.php(137): yii\BaseYii::createObject(Array)
#18 D:\data\docker\app\views\system\agreement.php(48): yii\base\Widget::widget(Array)
#19 D:\data\docker\vendor\yiisoft\yii2\base\View.php(336): require('D:\\data\\docker\\...')
#20 D:\data\docker\vendor\yiisoft\yii2\base\View.php(254): yii\base\View->renderPhpFile('D:\\data\\docker\\...', Array)
#21 D:\data\docker\vendor\yiisoft\yii2\base\View.php(156): yii\base\View->renderFile('D:\\data\\docker\\...', Array, Object(app\controllers\SystemController))
#22 D:\data\docker\vendor\yiisoft\yii2\base\Controller.php(384): yii\base\View->render('agreement', Array, Object(app\controllers\SystemController))
#23 D:\data\docker\app\controllers\SystemController.php(262): yii\base\Controller->render('agreement', Array)
#24 [internal function]: app\controllers\SystemController->actionAgreement()
#25 D:\data\docker\vendor\yiisoft\yii2\base\InlineAction.php(57): call_user_func_array(Array, Array)
#26 D:\data\docker\vendor\yiisoft\yii2\base\Controller.php(157): yii\base\InlineAction->runWithParams(Array)
#27 D:\data\docker\vendor\yiisoft\yii2\base\Module.php(528): yii\base\Controller->runAction('agreement', Array)
#28 D:\data\docker\vendor\yiisoft\yii2\web\Application.php(103): yii\base\Module->runAction('system/agreemen...', Array)
#29 D:\data\docker\vendor\yiisoft\yii2\base\Application.php(386): yii\web\Application->handleRequest(Object(yii\web\Request))
#30 D:\data\docker\app\web\index.php(17): yii\base\Application->run()
#31 {main}
2018-06-19 20:33:59 [127.0.0.1][1][rhuarl46r3q8a2qcc8pts77a75][info][application] $_GET = []

$_POST = []

$_FILES = []

$_COOKIE = [
    'UM_distinctid' => '163d3cd0be8204-070f0f519e6ac9-39614807-144000-163d3cd0be9559'
    'CNZZDATA1271123357' => '694426212-1528265770-|1528265770'
    'CNZZDATA1273228045' => '1746464669-1528278402-http%3A%2F%2Fwww.app.com%2F|1528339635'
    'login' => 'cc2a2bcbca1f94a4a564e224e7f45b2637dea4fffe124177cacc4d929e5dfef8a:2:{i:0;s:5:\"login\";i:1;s:9:\"127.0.0.1\";}'
    'advanced-app' => 'rhuarl46r3q8a2qcc8pts77a75'
    '_identity-app' => '57100eb177761e949ae56b6f2e7d956b3f3a980edf16e329a8aec0060c59968ba:2:{i:0;s:13:\"_identity-app\";i:1;s:45:\"[1,\"BXVEZBxBX8IfnV2ZvZteYALorDvJ7JK3\",604800]\";}'
    '_csrf-app' => '4d6ed7abb9fc3a5a728835cf65881fc53093c22f601ef45638eb36de2b1e3746a:2:{i:0;s:9:\"_csrf-app\";i:1;s:32:\"aMyzuWg6ikH8okc8tAcH26-mB0gvVy6v\";}'
]

$_SESSION = [
    '__flash' => []
    '__returnUrl' => '/'
    'yii\\authclient\\clients\\GitHub_github_token' => yii\authclient\OAuthToken#1
    (
        [tokenParamKey] => 'access_token'
        [tokenSecretParamKey] => 'oauth_token_secret'
        [createTimestamp] => 1529409888
        [yii\authclient\OAuthToken:_expireDurationParamKey] => 'expires_in'
        [yii\authclient\OAuthToken:_params] => [
            'access_token' => 'd9a763475f2f02eb8ab2e9fd1f723002c93b5623'
            'scope' => 'user'
            'token_type' => 'bearer'
        ]
    )
    'auth_nickname' => null
    '__captcha/site/captcha' => 'jenuva'
    '__captcha/site/captchacount' => 1
    '__id' => 1
]

$_SERVER = [
    'REDIRECT_STATUS' => '200'
    'HTTP_HOST' => 'www.app.com'
    'HTTP_CONNECTION' => 'keep-alive'
    'HTTP_CACHE_CONTROL' => 'max-age=0'
    'HTTP_UPGRADE_INSECURE_REQUESTS' => '1'
    'HTTP_USER_AGENT' => 'Mozilla/5.0 (Windows NT 10.0; WOW64) AppleWebKit/537.36 (KHTML, like Gecko) Chrome/67.0.3396.87 Safari/537.36'
    'HTTP_ACCEPT' => 'text/html,application/xhtml+xml,application/xml;q=0.9,image/webp,image/apng,*/*;q=0.8'
    'HTTP_REFERER' => 'http://www.app.com/system/crontab'
    'HTTP_ACCEPT_ENCODING' => 'gzip, deflate'
    'HTTP_ACCEPT_LANGUAGE' => 'zh-CN,zh;q=0.9'
    'HTTP_COOKIE' => 'UM_distinctid=163d3cd0be8204-070f0f519e6ac9-39614807-144000-163d3cd0be9559; CNZZDATA1271123357=694426212-1528265770-%7C1528265770; CNZZDATA1273228045=1746464669-1528278402-http%253A%252F%252Fwww.app.com%252F%7C1528339635; login=cc2a2bcbca1f94a4a564e224e7f45b2637dea4fffe124177cacc4d929e5dfef8a%3A2%3A%7Bi%3A0%3Bs%3A5%3A%22login%22%3Bi%3A1%3Bs%3A9%3A%22127.0.0.1%22%3B%7D; advanced-app=rhuarl46r3q8a2qcc8pts77a75; _identity-app=57100eb177761e949ae56b6f2e7d956b3f3a980edf16e329a8aec0060c59968ba%3A2%3A%7Bi%3A0%3Bs%3A13%3A%22_identity-app%22%3Bi%3A1%3Bs%3A45%3A%22%5B1%2C%22BXVEZBxBX8IfnV2ZvZteYALorDvJ7JK3%22%2C604800%5D%22%3B%7D; _csrf-app=4d6ed7abb9fc3a5a728835cf65881fc53093c22f601ef45638eb36de2b1e3746a%3A2%3A%7Bi%3A0%3Bs%3A9%3A%22_csrf-app%22%3Bi%3A1%3Bs%3A32%3A%22aMyzuWg6ikH8okc8tAcH26-mB0gvVy6v%22%3B%7D'
    'PATH' => 'C:\\Program Files (x86)\\Intel\\iCLS Client\\;C:\\Program Files\\Intel\\iCLS Client\\;C:\\WINDOWS\\system32;C:\\WINDOWS;C:\\WINDOWS\\System32\\Wbem;C:\\WINDOWS\\System32\\WindowsPowerShell\\v1.0\\;D:\\TortoiseGit\\bin;D:\\wamp64\\bin\\php\\php5.6.25;C:\\Program Files\\Git\\cmd;D:\\Python\\Python36-32;C:\\WINDOWS\\System32\\OpenSSH\\;C:\\Program Files\\Intel\\WiFi\\bin\\;C:\\Program Files\\Common Files\\Intel\\WirelessCommon\\;D:\\Git LFS;C:\\Program Files (x86)\\Intel\\Intel(R) Management Engine Components\\DAL;C:\\Program Files\\Intel\\Intel(R) Management Engine Components\\DAL;C:\\Program Files (x86)\\Intel\\Intel(R) Management Engine Components\\IPT;C:\\Program Files\\Intel\\Intel(R) Management Engine Components\\IPT;C:\\ProgramData\\ComposerSetup\\bin;C:\\WINDOWS\\system32\\config\\systemprofile\\AppData\\Local\\Microsoft\\WindowsApps'
    'SystemRoot' => 'C:\\WINDOWS'
    'COMSPEC' => 'C:\\WINDOWS\\system32\\cmd.exe'
    'PATHEXT' => '.COM;.EXE;.BAT;.CMD;.VBS;.VBE;.JS;.JSE;.WSF;.WSH;.MSC'
    'WINDIR' => 'C:\\WINDOWS'
    'SERVER_SIGNATURE' => '<address>Apache/2.4.23 (Win64) PHP/5.6.25 Server at www.app.com Port 80</address>
'
    'SERVER_SOFTWARE' => 'Apache/2.4.23 (Win64) PHP/5.6.25'
    'SERVER_NAME' => 'www.app.com'
    'SERVER_ADDR' => '127.0.0.1'
    'SERVER_PORT' => '80'
    'REMOTE_ADDR' => '127.0.0.1'
    'DOCUMENT_ROOT' => 'D:/data/docker/app/web'
    'REQUEST_SCHEME' => 'http'
    'CONTEXT_PREFIX' => ''
    'CONTEXT_DOCUMENT_ROOT' => 'D:/data/docker/app/web'
    'SERVER_ADMIN' => 'wampserver@wampserver.invalid'
    'SCRIPT_FILENAME' => 'D:/data/docker/app/web/index.php'
    'REMOTE_PORT' => '62420'
    'REDIRECT_URL' => '/system/agreement'
    'GATEWAY_INTERFACE' => 'CGI/1.1'
    'SERVER_PROTOCOL' => 'HTTP/1.1'
    'REQUEST_METHOD' => 'GET'
    'QUERY_STRING' => ''
    'REQUEST_URI' => '/system/agreement'
    'SCRIPT_NAME' => '/index.php'
    'PHP_SELF' => '/index.php'
    'REQUEST_TIME_FLOAT' => 1529411639.753
    'REQUEST_TIME' => 1529411639
]
2018-06-19 20:39:00 [127.0.0.1][1][rhuarl46r3q8a2qcc8pts77a75][error][yii\base\UnknownPropertyException] exception 'yii\base\UnknownPropertyException' with message 'Setting unknown property: yii\redactor\widgets\Redactor::lange' in D:\data\docker\vendor\yiisoft\yii2\base\Component.php:209
Stack trace:
#0 D:\data\docker\vendor\yiisoft\yii2\BaseYii.php(546): yii\base\Component->__set('lange', 'zh_cn')
#1 D:\data\docker\vendor\yiisoft\yii2\base\BaseObject.php(107): yii\BaseYii::configure(Object(yii\redactor\widgets\Redactor), Array)
#2 [internal function]: yii\base\BaseObject->__construct(Array)
#3 D:\data\docker\vendor\yiisoft\yii2\di\Container.php(383): ReflectionClass->newInstanceArgs(Array)
#4 D:\data\docker\vendor\yiisoft\yii2\di\Container.php(156): yii\di\Container->build('yii\\redactor\\wi...', Array, Array)
#5 D:\data\docker\vendor\yiisoft\yii2\BaseYii.php(349): yii\di\Container->get('yii\\redactor\\wi...', Array, Array)
#6 D:\data\docker\vendor\yiisoft\yii2\base\Widget.php(137): yii\BaseYii::createObject(Array)
#7 D:\data\docker\app\views\system\agreement.php(48): yii\base\Widget::widget(Array)
#8 D:\data\docker\vendor\yiisoft\yii2\base\View.php(336): require('D:\\data\\docker\\...')
#9 D:\data\docker\vendor\yiisoft\yii2\base\View.php(254): yii\base\View->renderPhpFile('D:\\data\\docker\\...', Array)
#10 D:\data\docker\vendor\yiisoft\yii2\base\View.php(156): yii\base\View->renderFile('D:\\data\\docker\\...', Array, Object(app\controllers\SystemController))
#11 D:\data\docker\vendor\yiisoft\yii2\base\Controller.php(384): yii\base\View->render('agreement', Array, Object(app\controllers\SystemController))
#12 D:\data\docker\app\controllers\SystemController.php(262): yii\base\Controller->render('agreement', Array)
#13 [internal function]: app\controllers\SystemController->actionAgreement()
#14 D:\data\docker\vendor\yiisoft\yii2\base\InlineAction.php(57): call_user_func_array(Array, Array)
#15 D:\data\docker\vendor\yiisoft\yii2\base\Controller.php(157): yii\base\InlineAction->runWithParams(Array)
#16 D:\data\docker\vendor\yiisoft\yii2\base\Module.php(528): yii\base\Controller->runAction('agreement', Array)
#17 D:\data\docker\vendor\yiisoft\yii2\web\Application.php(103): yii\base\Module->runAction('system/agreemen...', Array)
#18 D:\data\docker\vendor\yiisoft\yii2\base\Application.php(386): yii\web\Application->handleRequest(Object(yii\web\Request))
#19 D:\data\docker\app\web\index.php(17): yii\base\Application->run()
#20 {main}
2018-06-19 20:39:00 [127.0.0.1][1][rhuarl46r3q8a2qcc8pts77a75][info][application] $_GET = []

$_POST = []

$_FILES = []

$_COOKIE = [
    'UM_distinctid' => '163d3cd0be8204-070f0f519e6ac9-39614807-144000-163d3cd0be9559'
    'CNZZDATA1271123357' => '694426212-1528265770-|1528265770'
    'CNZZDATA1273228045' => '1746464669-1528278402-http%3A%2F%2Fwww.app.com%2F|1528339635'
    'login' => 'cc2a2bcbca1f94a4a564e224e7f45b2637dea4fffe124177cacc4d929e5dfef8a:2:{i:0;s:5:\"login\";i:1;s:9:\"127.0.0.1\";}'
    'advanced-app' => 'rhuarl46r3q8a2qcc8pts77a75'
    '_identity-app' => '57100eb177761e949ae56b6f2e7d956b3f3a980edf16e329a8aec0060c59968ba:2:{i:0;s:13:\"_identity-app\";i:1;s:45:\"[1,\"BXVEZBxBX8IfnV2ZvZteYALorDvJ7JK3\",604800]\";}'
    '_csrf-app' => '4d6ed7abb9fc3a5a728835cf65881fc53093c22f601ef45638eb36de2b1e3746a:2:{i:0;s:9:\"_csrf-app\";i:1;s:32:\"aMyzuWg6ikH8okc8tAcH26-mB0gvVy6v\";}'
]

$_SESSION = [
    '__flash' => []
    '__returnUrl' => '/'
    'yii\\authclient\\clients\\GitHub_github_token' => yii\authclient\OAuthToken#1
    (
        [tokenParamKey] => 'access_token'
        [tokenSecretParamKey] => 'oauth_token_secret'
        [createTimestamp] => 1529409888
        [yii\authclient\OAuthToken:_expireDurationParamKey] => 'expires_in'
        [yii\authclient\OAuthToken:_params] => [
            'access_token' => 'd9a763475f2f02eb8ab2e9fd1f723002c93b5623'
            'scope' => 'user'
            'token_type' => 'bearer'
        ]
    )
    'auth_nickname' => null
    '__captcha/site/captcha' => 'jenuva'
    '__captcha/site/captchacount' => 1
    '__id' => 1
]

$_SERVER = [
    'REDIRECT_STATUS' => '200'
    'HTTP_HOST' => 'www.app.com'
    'HTTP_CONNECTION' => 'keep-alive'
    'HTTP_PRAGMA' => 'no-cache'
    'HTTP_CACHE_CONTROL' => 'no-cache'
    'HTTP_UPGRADE_INSECURE_REQUESTS' => '1'
    'HTTP_USER_AGENT' => 'Mozilla/5.0 (Windows NT 10.0; WOW64) AppleWebKit/537.36 (KHTML, like Gecko) Chrome/67.0.3396.87 Safari/537.36'
    'HTTP_ACCEPT' => 'text/html,application/xhtml+xml,application/xml;q=0.9,image/webp,image/apng,*/*;q=0.8'
    'HTTP_REFERER' => 'http://www.app.com/system/crontab'
    'HTTP_ACCEPT_ENCODING' => 'gzip, deflate'
    'HTTP_ACCEPT_LANGUAGE' => 'zh-CN,zh;q=0.9'
    'HTTP_COOKIE' => 'UM_distinctid=163d3cd0be8204-070f0f519e6ac9-39614807-144000-163d3cd0be9559; CNZZDATA1271123357=694426212-1528265770-%7C1528265770; CNZZDATA1273228045=1746464669-1528278402-http%253A%252F%252Fwww.app.com%252F%7C1528339635; login=cc2a2bcbca1f94a4a564e224e7f45b2637dea4fffe124177cacc4d929e5dfef8a%3A2%3A%7Bi%3A0%3Bs%3A5%3A%22login%22%3Bi%3A1%3Bs%3A9%3A%22127.0.0.1%22%3B%7D; advanced-app=rhuarl46r3q8a2qcc8pts77a75; _identity-app=57100eb177761e949ae56b6f2e7d956b3f3a980edf16e329a8aec0060c59968ba%3A2%3A%7Bi%3A0%3Bs%3A13%3A%22_identity-app%22%3Bi%3A1%3Bs%3A45%3A%22%5B1%2C%22BXVEZBxBX8IfnV2ZvZteYALorDvJ7JK3%22%2C604800%5D%22%3B%7D; _csrf-app=4d6ed7abb9fc3a5a728835cf65881fc53093c22f601ef45638eb36de2b1e3746a%3A2%3A%7Bi%3A0%3Bs%3A9%3A%22_csrf-app%22%3Bi%3A1%3Bs%3A32%3A%22aMyzuWg6ikH8okc8tAcH26-mB0gvVy6v%22%3B%7D'
    'PATH' => 'C:\\Program Files (x86)\\Intel\\iCLS Client\\;C:\\Program Files\\Intel\\iCLS Client\\;C:\\WINDOWS\\system32;C:\\WINDOWS;C:\\WINDOWS\\System32\\Wbem;C:\\WINDOWS\\System32\\WindowsPowerShell\\v1.0\\;D:\\TortoiseGit\\bin;D:\\wamp64\\bin\\php\\php5.6.25;C:\\Program Files\\Git\\cmd;D:\\Python\\Python36-32;C:\\WINDOWS\\System32\\OpenSSH\\;C:\\Program Files\\Intel\\WiFi\\bin\\;C:\\Program Files\\Common Files\\Intel\\WirelessCommon\\;D:\\Git LFS;C:\\Program Files (x86)\\Intel\\Intel(R) Management Engine Components\\DAL;C:\\Program Files\\Intel\\Intel(R) Management Engine Components\\DAL;C:\\Program Files (x86)\\Intel\\Intel(R) Management Engine Components\\IPT;C:\\Program Files\\Intel\\Intel(R) Management Engine Components\\IPT;C:\\ProgramData\\ComposerSetup\\bin;C:\\WINDOWS\\system32\\config\\systemprofile\\AppData\\Local\\Microsoft\\WindowsApps'
    'SystemRoot' => 'C:\\WINDOWS'
    'COMSPEC' => 'C:\\WINDOWS\\system32\\cmd.exe'
    'PATHEXT' => '.COM;.EXE;.BAT;.CMD;.VBS;.VBE;.JS;.JSE;.WSF;.WSH;.MSC'
    'WINDIR' => 'C:\\WINDOWS'
    'SERVER_SIGNATURE' => '<address>Apache/2.4.23 (Win64) PHP/5.6.25 Server at www.app.com Port 80</address>
'
    'SERVER_SOFTWARE' => 'Apache/2.4.23 (Win64) PHP/5.6.25'
    'SERVER_NAME' => 'www.app.com'
    'SERVER_ADDR' => '127.0.0.1'
    'SERVER_PORT' => '80'
    'REMOTE_ADDR' => '127.0.0.1'
    'DOCUMENT_ROOT' => 'D:/data/docker/app/web'
    'REQUEST_SCHEME' => 'http'
    'CONTEXT_PREFIX' => ''
    'CONTEXT_DOCUMENT_ROOT' => 'D:/data/docker/app/web'
    'SERVER_ADMIN' => 'wampserver@wampserver.invalid'
    'SCRIPT_FILENAME' => 'D:/data/docker/app/web/index.php'
    'REMOTE_PORT' => '62945'
    'REDIRECT_URL' => '/system/agreement'
    'GATEWAY_INTERFACE' => 'CGI/1.1'
    'SERVER_PROTOCOL' => 'HTTP/1.1'
    'REQUEST_METHOD' => 'GET'
    'QUERY_STRING' => ''
    'REQUEST_URI' => '/system/agreement'
    'SCRIPT_NAME' => '/index.php'
    'PHP_SELF' => '/index.php'
    'REQUEST_TIME_FLOAT' => 1529411940.061
    'REQUEST_TIME' => 1529411940
]
2018-06-19 20:39:43 [127.0.0.1][1][rhuarl46r3q8a2qcc8pts77a75][error][yii\base\UnknownPropertyException] exception 'yii\base\UnknownPropertyException' with message 'Setting unknown property: yii\redactor\widgets\Redactor::lange' in D:\data\docker\vendor\yiisoft\yii2\base\Component.php:209
Stack trace:
#0 D:\data\docker\vendor\yiisoft\yii2\BaseYii.php(546): yii\base\Component->__set('lange', 'zh_cn')
#1 D:\data\docker\vendor\yiisoft\yii2\base\BaseObject.php(107): yii\BaseYii::configure(Object(yii\redactor\widgets\Redactor), Array)
#2 [internal function]: yii\base\BaseObject->__construct(Array)
#3 D:\data\docker\vendor\yiisoft\yii2\di\Container.php(383): ReflectionClass->newInstanceArgs(Array)
#4 D:\data\docker\vendor\yiisoft\yii2\di\Container.php(156): yii\di\Container->build('yii\\redactor\\wi...', Array, Array)
#5 D:\data\docker\vendor\yiisoft\yii2\BaseYii.php(349): yii\di\Container->get('yii\\redactor\\wi...', Array, Array)
#6 D:\data\docker\vendor\yiisoft\yii2\base\Widget.php(137): yii\BaseYii::createObject(Array)
#7 D:\data\docker\app\views\system\agreement.php(48): yii\base\Widget::widget(Array)
#8 D:\data\docker\vendor\yiisoft\yii2\base\View.php(336): require('D:\\data\\docker\\...')
#9 D:\data\docker\vendor\yiisoft\yii2\base\View.php(254): yii\base\View->renderPhpFile('D:\\data\\docker\\...', Array)
#10 D:\data\docker\vendor\yiisoft\yii2\base\View.php(156): yii\base\View->renderFile('D:\\data\\docker\\...', Array, Object(app\controllers\SystemController))
#11 D:\data\docker\vendor\yiisoft\yii2\base\Controller.php(384): yii\base\View->render('agreement', Array, Object(app\controllers\SystemController))
#12 D:\data\docker\app\controllers\SystemController.php(262): yii\base\Controller->render('agreement', Array)
#13 [internal function]: app\controllers\SystemController->actionAgreement()
#14 D:\data\docker\vendor\yiisoft\yii2\base\InlineAction.php(57): call_user_func_array(Array, Array)
#15 D:\data\docker\vendor\yiisoft\yii2\base\Controller.php(157): yii\base\InlineAction->runWithParams(Array)
#16 D:\data\docker\vendor\yiisoft\yii2\base\Module.php(528): yii\base\Controller->runAction('agreement', Array)
#17 D:\data\docker\vendor\yiisoft\yii2\web\Application.php(103): yii\base\Module->runAction('system/agreemen...', Array)
#18 D:\data\docker\vendor\yiisoft\yii2\base\Application.php(386): yii\web\Application->handleRequest(Object(yii\web\Request))
#19 D:\data\docker\app\web\index.php(17): yii\base\Application->run()
#20 {main}
2018-06-19 20:39:43 [127.0.0.1][1][rhuarl46r3q8a2qcc8pts77a75][info][application] $_GET = []

$_POST = []

$_FILES = []

$_COOKIE = [
    'UM_distinctid' => '163d3cd0be8204-070f0f519e6ac9-39614807-144000-163d3cd0be9559'
    'CNZZDATA1271123357' => '694426212-1528265770-|1528265770'
    'CNZZDATA1273228045' => '1746464669-1528278402-http%3A%2F%2Fwww.app.com%2F|1528339635'
    'login' => 'cc2a2bcbca1f94a4a564e224e7f45b2637dea4fffe124177cacc4d929e5dfef8a:2:{i:0;s:5:\"login\";i:1;s:9:\"127.0.0.1\";}'
    'advanced-app' => 'rhuarl46r3q8a2qcc8pts77a75'
    '_identity-app' => '57100eb177761e949ae56b6f2e7d956b3f3a980edf16e329a8aec0060c59968ba:2:{i:0;s:13:\"_identity-app\";i:1;s:45:\"[1,\"BXVEZBxBX8IfnV2ZvZteYALorDvJ7JK3\",604800]\";}'
    '_csrf-app' => '4d6ed7abb9fc3a5a728835cf65881fc53093c22f601ef45638eb36de2b1e3746a:2:{i:0;s:9:\"_csrf-app\";i:1;s:32:\"aMyzuWg6ikH8okc8tAcH26-mB0gvVy6v\";}'
]

$_SESSION = [
    '__flash' => []
    '__returnUrl' => '/'
    'yii\\authclient\\clients\\GitHub_github_token' => yii\authclient\OAuthToken#1
    (
        [tokenParamKey] => 'access_token'
        [tokenSecretParamKey] => 'oauth_token_secret'
        [createTimestamp] => 1529409888
        [yii\authclient\OAuthToken:_expireDurationParamKey] => 'expires_in'
        [yii\authclient\OAuthToken:_params] => [
            'access_token' => 'd9a763475f2f02eb8ab2e9fd1f723002c93b5623'
            'scope' => 'user'
            'token_type' => 'bearer'
        ]
    )
    'auth_nickname' => null
    '__captcha/site/captcha' => 'jenuva'
    '__captcha/site/captchacount' => 1
    '__id' => 1
]

$_SERVER = [
    'REDIRECT_STATUS' => '200'
    'HTTP_HOST' => 'www.app.com'
    'HTTP_CONNECTION' => 'keep-alive'
    'HTTP_PRAGMA' => 'no-cache'
    'HTTP_CACHE_CONTROL' => 'no-cache'
    'HTTP_UPGRADE_INSECURE_REQUESTS' => '1'
    'HTTP_USER_AGENT' => 'Mozilla/5.0 (Windows NT 10.0; WOW64) AppleWebKit/537.36 (KHTML, like Gecko) Chrome/67.0.3396.87 Safari/537.36'
    'HTTP_ACCEPT' => 'text/html,application/xhtml+xml,application/xml;q=0.9,image/webp,image/apng,*/*;q=0.8'
    'HTTP_REFERER' => 'http://www.app.com/system/crontab'
    'HTTP_ACCEPT_ENCODING' => 'gzip, deflate'
    'HTTP_ACCEPT_LANGUAGE' => 'zh-CN,zh;q=0.9'
    'HTTP_COOKIE' => 'UM_distinctid=163d3cd0be8204-070f0f519e6ac9-39614807-144000-163d3cd0be9559; CNZZDATA1271123357=694426212-1528265770-%7C1528265770; CNZZDATA1273228045=1746464669-1528278402-http%253A%252F%252Fwww.app.com%252F%7C1528339635; login=cc2a2bcbca1f94a4a564e224e7f45b2637dea4fffe124177cacc4d929e5dfef8a%3A2%3A%7Bi%3A0%3Bs%3A5%3A%22login%22%3Bi%3A1%3Bs%3A9%3A%22127.0.0.1%22%3B%7D; advanced-app=rhuarl46r3q8a2qcc8pts77a75; _identity-app=57100eb177761e949ae56b6f2e7d956b3f3a980edf16e329a8aec0060c59968ba%3A2%3A%7Bi%3A0%3Bs%3A13%3A%22_identity-app%22%3Bi%3A1%3Bs%3A45%3A%22%5B1%2C%22BXVEZBxBX8IfnV2ZvZteYALorDvJ7JK3%22%2C604800%5D%22%3B%7D; _csrf-app=4d6ed7abb9fc3a5a728835cf65881fc53093c22f601ef45638eb36de2b1e3746a%3A2%3A%7Bi%3A0%3Bs%3A9%3A%22_csrf-app%22%3Bi%3A1%3Bs%3A32%3A%22aMyzuWg6ikH8okc8tAcH26-mB0gvVy6v%22%3B%7D'
    'PATH' => 'C:\\Program Files (x86)\\Intel\\iCLS Client\\;C:\\Program Files\\Intel\\iCLS Client\\;C:\\WINDOWS\\system32;C:\\WINDOWS;C:\\WINDOWS\\System32\\Wbem;C:\\WINDOWS\\System32\\WindowsPowerShell\\v1.0\\;D:\\TortoiseGit\\bin;D:\\wamp64\\bin\\php\\php5.6.25;C:\\Program Files\\Git\\cmd;D:\\Python\\Python36-32;C:\\WINDOWS\\System32\\OpenSSH\\;C:\\Program Files\\Intel\\WiFi\\bin\\;C:\\Program Files\\Common Files\\Intel\\WirelessCommon\\;D:\\Git LFS;C:\\Program Files (x86)\\Intel\\Intel(R) Management Engine Components\\DAL;C:\\Program Files\\Intel\\Intel(R) Management Engine Components\\DAL;C:\\Program Files (x86)\\Intel\\Intel(R) Management Engine Components\\IPT;C:\\Program Files\\Intel\\Intel(R) Management Engine Components\\IPT;C:\\ProgramData\\ComposerSetup\\bin;C:\\WINDOWS\\system32\\config\\systemprofile\\AppData\\Local\\Microsoft\\WindowsApps'
    'SystemRoot' => 'C:\\WINDOWS'
    'COMSPEC' => 'C:\\WINDOWS\\system32\\cmd.exe'
    'PATHEXT' => '.COM;.EXE;.BAT;.CMD;.VBS;.VBE;.JS;.JSE;.WSF;.WSH;.MSC'
    'WINDIR' => 'C:\\WINDOWS'
    'SERVER_SIGNATURE' => '<address>Apache/2.4.23 (Win64) PHP/5.6.25 Server at www.app.com Port 80</address>
'
    'SERVER_SOFTWARE' => 'Apache/2.4.23 (Win64) PHP/5.6.25'
    'SERVER_NAME' => 'www.app.com'
    'SERVER_ADDR' => '127.0.0.1'
    'SERVER_PORT' => '80'
    'REMOTE_ADDR' => '127.0.0.1'
    'DOCUMENT_ROOT' => 'D:/data/docker/app/web'
    'REQUEST_SCHEME' => 'http'
    'CONTEXT_PREFIX' => ''
    'CONTEXT_DOCUMENT_ROOT' => 'D:/data/docker/app/web'
    'SERVER_ADMIN' => 'wampserver@wampserver.invalid'
    'SCRIPT_FILENAME' => 'D:/data/docker/app/web/index.php'
    'REMOTE_PORT' => '63019'
    'REDIRECT_URL' => '/system/agreement'
    'GATEWAY_INTERFACE' => 'CGI/1.1'
    'SERVER_PROTOCOL' => 'HTTP/1.1'
    'REQUEST_METHOD' => 'GET'
    'QUERY_STRING' => ''
    'REQUEST_URI' => '/system/agreement'
    'SCRIPT_NAME' => '/index.php'
    'PHP_SELF' => '/index.php'
    'REQUEST_TIME_FLOAT' => 1529411983.04
    'REQUEST_TIME' => 1529411983
]
2018-06-19 20:39:54 [127.0.0.1][1][rhuarl46r3q8a2qcc8pts77a75][error][yii\base\UnknownPropertyException] exception 'yii\base\UnknownPropertyException' with message 'Setting unknown property: yii\redactor\RedactorModule::clientOptions' in D:\data\docker\vendor\yiisoft\yii2\base\Component.php:209
Stack trace:
#0 D:\data\docker\vendor\yiisoft\yii2\BaseYii.php(546): yii\base\Component->__set('clientOptions', Array)
#1 D:\data\docker\vendor\yiisoft\yii2\base\BaseObject.php(107): yii\BaseYii::configure(Object(yii\redactor\RedactorModule), Array)
#2 D:\data\docker\vendor\yiisoft\yii2\base\Module.php(158): yii\base\BaseObject->__construct(Array)
#3 [internal function]: yii\base\Module->__construct('redactor', Object(yii\web\Application), Array)
#4 D:\data\docker\vendor\yiisoft\yii2\di\Container.php(383): ReflectionClass->newInstanceArgs(Array)
#5 D:\data\docker\vendor\yiisoft\yii2\di\Container.php(156): yii\di\Container->build('yii\\redactor\\Re...', Array, Array)
#6 D:\data\docker\vendor\yiisoft\yii2\BaseYii.php(349): yii\di\Container->get('yii\\redactor\\Re...', Array, Array)
#7 D:\data\docker\vendor\yiisoft\yii2\base\Module.php(427): yii\BaseYii::createObject(Array, Array)
#8 D:\data\docker\vendor\yiidoc\yii2-redactor\widgets\Redactor.php(182): yii\base\Module->getModule('redactor')
#9 D:\data\docker\vendor\yiisoft\yii2\base\Component.php(139): yii\redactor\widgets\Redactor->getModule()
#10 D:\data\docker\vendor\yiidoc\yii2-redactor\widgets\Redactor.php(81): yii\base\Component->__get('module')
#11 D:\data\docker\vendor\yiidoc\yii2-redactor\widgets\Redactor.php(58): yii\redactor\widgets\Redactor->defaultOptions()
#12 D:\data\docker\vendor\yiisoft\yii2\base\BaseObject.php(109): yii\redactor\widgets\Redactor->init()
#13 [internal function]: yii\base\BaseObject->__construct(Array)
#14 D:\data\docker\vendor\yiisoft\yii2\di\Container.php(383): ReflectionClass->newInstanceArgs(Array)
#15 D:\data\docker\vendor\yiisoft\yii2\di\Container.php(156): yii\di\Container->build('yii\\redactor\\wi...', Array, Array)
#16 D:\data\docker\vendor\yiisoft\yii2\BaseYii.php(349): yii\di\Container->get('yii\\redactor\\wi...', Array, Array)
#17 D:\data\docker\vendor\yiisoft\yii2\base\Widget.php(137): yii\BaseYii::createObject(Array)
#18 D:\data\docker\app\views\system\agreement.php(48): yii\base\Widget::widget(Array)
#19 D:\data\docker\vendor\yiisoft\yii2\base\View.php(336): require('D:\\data\\docker\\...')
#20 D:\data\docker\vendor\yiisoft\yii2\base\View.php(254): yii\base\View->renderPhpFile('D:\\data\\docker\\...', Array)
#21 D:\data\docker\vendor\yiisoft\yii2\base\View.php(156): yii\base\View->renderFile('D:\\data\\docker\\...', Array, Object(app\controllers\SystemController))
#22 D:\data\docker\vendor\yiisoft\yii2\base\Controller.php(384): yii\base\View->render('agreement', Array, Object(app\controllers\SystemController))
#23 D:\data\docker\app\controllers\SystemController.php(262): yii\base\Controller->render('agreement', Array)
#24 [internal function]: app\controllers\SystemController->actionAgreement()
#25 D:\data\docker\vendor\yiisoft\yii2\base\InlineAction.php(57): call_user_func_array(Array, Array)
#26 D:\data\docker\vendor\yiisoft\yii2\base\Controller.php(157): yii\base\InlineAction->runWithParams(Array)
#27 D:\data\docker\vendor\yiisoft\yii2\base\Module.php(528): yii\base\Controller->runAction('agreement', Array)
#28 D:\data\docker\vendor\yiisoft\yii2\web\Application.php(103): yii\base\Module->runAction('system/agreemen...', Array)
#29 D:\data\docker\vendor\yiisoft\yii2\base\Application.php(386): yii\web\Application->handleRequest(Object(yii\web\Request))
#30 D:\data\docker\app\web\index.php(17): yii\base\Application->run()
#31 {main}
2018-06-19 20:39:54 [127.0.0.1][1][rhuarl46r3q8a2qcc8pts77a75][info][application] $_GET = []

$_POST = []

$_FILES = []

$_COOKIE = [
    'UM_distinctid' => '163d3cd0be8204-070f0f519e6ac9-39614807-144000-163d3cd0be9559'
    'CNZZDATA1271123357' => '694426212-1528265770-|1528265770'
    'CNZZDATA1273228045' => '1746464669-1528278402-http%3A%2F%2Fwww.app.com%2F|1528339635'
    'login' => 'cc2a2bcbca1f94a4a564e224e7f45b2637dea4fffe124177cacc4d929e5dfef8a:2:{i:0;s:5:\"login\";i:1;s:9:\"127.0.0.1\";}'
    'advanced-app' => 'rhuarl46r3q8a2qcc8pts77a75'
    '_identity-app' => '57100eb177761e949ae56b6f2e7d956b3f3a980edf16e329a8aec0060c59968ba:2:{i:0;s:13:\"_identity-app\";i:1;s:45:\"[1,\"BXVEZBxBX8IfnV2ZvZteYALorDvJ7JK3\",604800]\";}'
    '_csrf-app' => '4d6ed7abb9fc3a5a728835cf65881fc53093c22f601ef45638eb36de2b1e3746a:2:{i:0;s:9:\"_csrf-app\";i:1;s:32:\"aMyzuWg6ikH8okc8tAcH26-mB0gvVy6v\";}'
]

$_SESSION = [
    '__flash' => []
    '__returnUrl' => '/'
    'yii\\authclient\\clients\\GitHub_github_token' => yii\authclient\OAuthToken#1
    (
        [tokenParamKey] => 'access_token'
        [tokenSecretParamKey] => 'oauth_token_secret'
        [createTimestamp] => 1529409888
        [yii\authclient\OAuthToken:_expireDurationParamKey] => 'expires_in'
        [yii\authclient\OAuthToken:_params] => [
            'access_token' => 'd9a763475f2f02eb8ab2e9fd1f723002c93b5623'
            'scope' => 'user'
            'token_type' => 'bearer'
        ]
    )
    'auth_nickname' => null
    '__captcha/site/captcha' => 'jenuva'
    '__captcha/site/captchacount' => 1
    '__id' => 1
]

$_SERVER = [
    'REDIRECT_STATUS' => '200'
    'HTTP_HOST' => 'www.app.com'
    'HTTP_CONNECTION' => 'keep-alive'
    'HTTP_PRAGMA' => 'no-cache'
    'HTTP_CACHE_CONTROL' => 'no-cache'
    'HTTP_UPGRADE_INSECURE_REQUESTS' => '1'
    'HTTP_USER_AGENT' => 'Mozilla/5.0 (Windows NT 10.0; WOW64) AppleWebKit/537.36 (KHTML, like Gecko) Chrome/67.0.3396.87 Safari/537.36'
    'HTTP_ACCEPT' => 'text/html,application/xhtml+xml,application/xml;q=0.9,image/webp,image/apng,*/*;q=0.8'
    'HTTP_REFERER' => 'http://www.app.com/system/crontab'
    'HTTP_ACCEPT_ENCODING' => 'gzip, deflate'
    'HTTP_ACCEPT_LANGUAGE' => 'zh-CN,zh;q=0.9'
    'HTTP_COOKIE' => 'UM_distinctid=163d3cd0be8204-070f0f519e6ac9-39614807-144000-163d3cd0be9559; CNZZDATA1271123357=694426212-1528265770-%7C1528265770; CNZZDATA1273228045=1746464669-1528278402-http%253A%252F%252Fwww.app.com%252F%7C1528339635; login=cc2a2bcbca1f94a4a564e224e7f45b2637dea4fffe124177cacc4d929e5dfef8a%3A2%3A%7Bi%3A0%3Bs%3A5%3A%22login%22%3Bi%3A1%3Bs%3A9%3A%22127.0.0.1%22%3B%7D; advanced-app=rhuarl46r3q8a2qcc8pts77a75; _identity-app=57100eb177761e949ae56b6f2e7d956b3f3a980edf16e329a8aec0060c59968ba%3A2%3A%7Bi%3A0%3Bs%3A13%3A%22_identity-app%22%3Bi%3A1%3Bs%3A45%3A%22%5B1%2C%22BXVEZBxBX8IfnV2ZvZteYALorDvJ7JK3%22%2C604800%5D%22%3B%7D; _csrf-app=4d6ed7abb9fc3a5a728835cf65881fc53093c22f601ef45638eb36de2b1e3746a%3A2%3A%7Bi%3A0%3Bs%3A9%3A%22_csrf-app%22%3Bi%3A1%3Bs%3A32%3A%22aMyzuWg6ikH8okc8tAcH26-mB0gvVy6v%22%3B%7D'
    'PATH' => 'C:\\Program Files (x86)\\Intel\\iCLS Client\\;C:\\Program Files\\Intel\\iCLS Client\\;C:\\WINDOWS\\system32;C:\\WINDOWS;C:\\WINDOWS\\System32\\Wbem;C:\\WINDOWS\\System32\\WindowsPowerShell\\v1.0\\;D:\\TortoiseGit\\bin;D:\\wamp64\\bin\\php\\php5.6.25;C:\\Program Files\\Git\\cmd;D:\\Python\\Python36-32;C:\\WINDOWS\\System32\\OpenSSH\\;C:\\Program Files\\Intel\\WiFi\\bin\\;C:\\Program Files\\Common Files\\Intel\\WirelessCommon\\;D:\\Git LFS;C:\\Program Files (x86)\\Intel\\Intel(R) Management Engine Components\\DAL;C:\\Program Files\\Intel\\Intel(R) Management Engine Components\\DAL;C:\\Program Files (x86)\\Intel\\Intel(R) Management Engine Components\\IPT;C:\\Program Files\\Intel\\Intel(R) Management Engine Components\\IPT;C:\\ProgramData\\ComposerSetup\\bin;C:\\WINDOWS\\system32\\config\\systemprofile\\AppData\\Local\\Microsoft\\WindowsApps'
    'SystemRoot' => 'C:\\WINDOWS'
    'COMSPEC' => 'C:\\WINDOWS\\system32\\cmd.exe'
    'PATHEXT' => '.COM;.EXE;.BAT;.CMD;.VBS;.VBE;.JS;.JSE;.WSF;.WSH;.MSC'
    'WINDIR' => 'C:\\WINDOWS'
    'SERVER_SIGNATURE' => '<address>Apache/2.4.23 (Win64) PHP/5.6.25 Server at www.app.com Port 80</address>
'
    'SERVER_SOFTWARE' => 'Apache/2.4.23 (Win64) PHP/5.6.25'
    'SERVER_NAME' => 'www.app.com'
    'SERVER_ADDR' => '127.0.0.1'
    'SERVER_PORT' => '80'
    'REMOTE_ADDR' => '127.0.0.1'
    'DOCUMENT_ROOT' => 'D:/data/docker/app/web'
    'REQUEST_SCHEME' => 'http'
    'CONTEXT_PREFIX' => ''
    'CONTEXT_DOCUMENT_ROOT' => 'D:/data/docker/app/web'
    'SERVER_ADMIN' => 'wampserver@wampserver.invalid'
    'SCRIPT_FILENAME' => 'D:/data/docker/app/web/index.php'
    'REMOTE_PORT' => '63044'
    'REDIRECT_URL' => '/system/agreement'
    'GATEWAY_INTERFACE' => 'CGI/1.1'
    'SERVER_PROTOCOL' => 'HTTP/1.1'
    'REQUEST_METHOD' => 'GET'
    'QUERY_STRING' => ''
    'REQUEST_URI' => '/system/agreement'
    'SCRIPT_NAME' => '/index.php'
    'PHP_SELF' => '/index.php'
    'REQUEST_TIME_FLOAT' => 1529411994.428
    'REQUEST_TIME' => 1529411994
]
